TN:
SF:src\Applications\security\AuthenticationTokenManager.js
FN:2,(anonymous_0)
FN:6,(anonymous_1)
FN:10,(anonymous_2)
FN:14,(anonymous_3)
FN:18,(anonymous_4)
FN:22,(anonymous_5)
FNF:6
FNH:6
FNDA:1,(anonymous_0)
FNDA:1,(anonymous_1)
FNDA:1,(anonymous_2)
FNDA:1,(anonymous_3)
FNDA:1,(anonymous_4)
FNDA:1,(anonymous_5)
DA:3,1
DA:7,1
DA:11,1
DA:15,1
DA:19,1
DA:23,1
DA:27,13
LF:7
LH:7
BRF:0
BRH:0
end_of_record
TN:
SF:src\Applications\security\EncryptionHelper.js
FN:2,(anonymous_0)
FN:6,(anonymous_1)
FNF:2
FNH:2
FNDA:1,(anonymous_0)
FNDA:1,(anonymous_1)
DA:3,1
DA:7,1
DA:11,8
LF:3
LH:3
BRF:0
BRH:0
end_of_record
TN:
SF:src\Applications\security\PasswordHash.js
FN:2,(anonymous_0)
FNF:1
FNH:1
FNDA:1,(anonymous_0)
DA:3,1
DA:7,3
LF:2
LH:2
BRF:0
BRH:0
end_of_record
TN:
SF:src\Applications\use_case\AddCommentUseCase.js
FN:4,(anonymous_0)
FN:12,(anonymous_1)
FNF:2
FNH:2
FNDA:6,(anonymous_0)
FNDA:1,(anonymous_1)
DA:1,6
DA:7,6
DA:8,6
DA:9,6
DA:13,1
DA:15,1
DA:16,1
DA:17,1
DA:18,1
DA:21,1
DA:25,6
LF:11
LH:11
BRF:0
BRH:0
end_of_record
TN:
SF:src\Applications\use_case\AddReplyUseCase.js
FN:4,(anonymous_0)
FN:10,(anonymous_1)
FNF:2
FNH:2
FNDA:6,(anonymous_0)
FNDA:1,(anonymous_1)
DA:1,6
DA:5,6
DA:6,6
DA:7,6
DA:11,1
DA:13,1
DA:14,1
DA:16,1
DA:17,1
DA:20,1
DA:24,6
LF:11
LH:11
BRF:0
BRH:0
end_of_record
TN:
SF:src\Applications\use_case\AddThreadUseCase.js
FN:4,(anonymous_0)
FN:9,(anonymous_1)
FNF:2
FNH:2
FNDA:6,(anonymous_0)
FNDA:2,(anonymous_1)
DA:1,6
DA:5,6
DA:6,6
DA:10,2
DA:12,1
DA:13,1
DA:14,1
DA:15,1
DA:19,6
LF:9
LH:9
BRF:0
BRH:0
end_of_record
TN:
SF:src\Applications\use_case\AddUserUseCase.js
FN:4,(anonymous_0)
FN:9,(anonymous_1)
FNF:2
FNH:2
FNDA:6,(anonymous_0)
FNDA:1,(anonymous_1)
DA:1,7
DA:5,6
DA:6,6
DA:10,1
DA:11,1
DA:12,1
DA:13,1
DA:17,7
LF:8
LH:8
BRF:0
BRH:0
end_of_record
TN:
SF:src\Applications\use_case\DeleteAuthenticationUseCase.js
FN:2,(anonymous_0)
FN:8,(anonymous_1)
FN:15,(anonymous_2)
FNF:3
FNH:3
FNDA:3,(anonymous_0)
FNDA:3,(anonymous_1)
FNDA:3,(anonymous_2)
DA:5,3
DA:9,3
DA:10,1
DA:11,1
DA:12,1
DA:16,3
DA:17,3
DA:18,1
DA:21,2
DA:22,1
DA:27,1
LF:11
LH:11
BRDA:17,0,0,1
BRDA:17,0,1,2
BRDA:21,1,0,1
BRDA:21,1,1,1
BRF:4
BRH:4
end_of_record
TN:
SF:src\Applications\use_case\DeleteCommentUseCase.js
FN:2,(anonymous_0)
FN:9,(anonymous_1)
FNF:2
FNH:2
FNDA:6,(anonymous_0)
FNDA:1,(anonymous_1)
DA:5,6
DA:6,6
DA:10,1
DA:11,1
DA:13,1
DA:14,1
DA:16,1
DA:17,1
DA:18,1
DA:22,6
LF:10
LH:10
BRF:0
BRH:0
end_of_record
TN:
SF:src\Applications\use_case\DeleteReplyUseCase.js
FN:2,(anonymous_0)
FN:7,(anonymous_1)
FNF:2
FNH:2
FNDA:6,(anonymous_0)
FNDA:1,(anonymous_1)
DA:3,6
DA:4,6
DA:8,1
DA:10,1
DA:11,1
DA:13,1
DA:14,1
DA:15,1
DA:19,6
LF:9
LH:9
BRF:0
BRH:0
end_of_record
TN:
SF:src\Applications\use_case\GetThreadUseCase.js
FN:3,(anonymous_0)
FN:8,(anonymous_1)
FN:16,(anonymous_2)
FN:17,(anonymous_3)
FNF:4
FNH:4
FNDA:6,(anonymous_0)
FNDA:2,(anonymous_1)
FNDA:4,(anonymous_2)
FNDA:2,(anonymous_3)
DA:4,6
DA:5,6
DA:9,2
DA:10,2
DA:11,1
DA:12,1
DA:14,1
DA:15,2
DA:16,4
DA:18,2
DA:19,2
DA:23,1
DA:27,6
LF:13
LH:13
BRF:0
BRH:0
end_of_record
TN:
SF:src\Applications\use_case\LoginUserUseCase.js
FN:5,(anonymous_0)
FN:17,(anonymous_1)
FNF:2
FNH:2
FNDA:6,(anonymous_0)
FNDA:21,(anonymous_1)
DA:1,6
DA:2,6
DA:11,6
DA:12,6
DA:13,6
DA:14,6
DA:18,21
DA:20,19
DA:22,1
DA:24,1
DA:26,1
DA:28,1
DA:31,1
DA:36,1
DA:38,1
DA:42,6
LF:16
LH:16
BRF:0
BRH:0
end_of_record
TN:
SF:src\Applications\use_case\LogoutUserUseCase.js
FN:2,(anonymous_0)
FN:8,(anonymous_1)
FN:15,(anonymous_2)
FNF:3
FNH:3
FNDA:8,(anonymous_0)
FNDA:7,(anonymous_1)
FNDA:7,(anonymous_2)
DA:5,8
DA:9,7
DA:10,3
DA:11,3
DA:12,2
DA:16,7
DA:17,7
DA:18,2
DA:21,5
DA:22,2
DA:27,6
LF:11
LH:11
BRDA:17,0,0,2
BRDA:17,0,1,5
BRDA:21,1,0,2
BRDA:21,1,1,3
BRF:4
BRH:4
end_of_record
TN:
SF:src\Applications\use_case\RefreshAuthenticationUseCase.js
FN:2,(anonymous_0)
FN:10,(anonymous_1)
FN:22,(anonymous_2)
FNF:3
FNH:3
FNDA:8,(anonymous_0)
FNDA:6,(anonymous_1)
FNDA:6,(anonymous_2)
DA:6,8
DA:7,8
DA:11,6
DA:12,2
DA:14,2
DA:15,1
DA:17,1
DA:19,1
DA:23,6
DA:25,6
DA:26,2
DA:29,4
DA:30,2
DA:35,6
LF:14
LH:14
BRDA:25,0,0,2
BRDA:25,0,1,4
BRDA:29,1,0,2
BRDA:29,1,1,2
BRF:4
BRH:4
end_of_record
TN:
SF:src\Commons\exceptions\AuthenticationError.js
FN:4,(anonymous_0)
FNF:1
FNH:1
FNDA:3,(anonymous_0)
DA:1,7
DA:5,3
DA:6,3
DA:10,7
LF:4
LH:4
BRF:0
BRH:0
end_of_record
TN:
SF:src\Commons\exceptions\AuthorizationError.js
FN:4,(anonymous_0)
FNF:1
FNH:1
FNDA:1,(anonymous_0)
DA:1,8
DA:5,1
DA:6,1
DA:10,8
LF:4
LH:4
BRF:0
BRH:0
end_of_record
TN:
SF:src\Commons\exceptions\ClientError.js
FN:2,(anonymous_0)
FNF:1
FNH:1
FNDA:63,(anonymous_0)
DA:3,63
DA:5,63
DA:6,1
DA:9,62
DA:10,62
DA:14,18
LF:6
LH:6
BRDA:2,0,0,58
BRDA:5,1,0,1
BRDA:5,1,1,62
BRF:3
BRH:3
end_of_record
TN:
SF:src\Commons\exceptions\DomainErrorTranslator.js
FN:4,(anonymous_0)
FNF:1
FNH:1
FNDA:58,(anonymous_0)
DA:1,7
DA:3,7
DA:5,58
DA:9,7
DA:16,7
LF:5
LH:5
BRDA:5,0,0,58
BRDA:5,0,1,54
BRF:2
BRH:2
end_of_record
TN:
SF:src\Commons\exceptions\InvariantError.js
FN:4,(anonymous_0)
FNF:1
FNH:1
FNDA:57,(anonymous_0)
DA:1,10
DA:5,57
DA:6,57
DA:10,10
LF:4
LH:4
BRF:0
BRH:0
end_of_record
TN:
SF:src\Commons\exceptions\NotFoundError.js
FN:4,(anonymous_0)
FNF:1
FNH:1
FNDA:1,(anonymous_0)
DA:1,9
DA:5,1
DA:6,1
DA:10,9
LF:4
LH:4
BRF:0
BRH:0
end_of_record
TN:
SF:src\Domains\authentications\AuthenticationRepository.js
FN:2,(anonymous_0)
FN:6,(anonymous_1)
FN:10,(anonymous_2)
FNF:3
FNH:3
FNDA:1,(anonymous_0)
FNDA:1,(anonymous_1)
FNDA:1,(anonymous_2)
DA:3,1
DA:7,1
DA:11,1
DA:15,11
LF:4
LH:4
BRF:0
BRH:0
end_of_record
TN:
SF:src\Domains\authentications\entities\NewAuth.js
FN:2,(anonymous_0)
FN:11,(anonymous_1)
FN:21,(anonymous_2)
FN:25,(anonymous_3)
FNF:4
FNH:4
FNDA:5,(anonymous_0)
FNDA:5,(anonymous_1)
FNDA:5,(anonymous_2)
FNDA:4,(anonymous_3)
DA:3,5
DA:5,3
DA:7,3
DA:8,3
DA:12,5
DA:13,1
DA:16,4
DA:17,1
DA:22,5
DA:26,4
DA:33,7
LF:11
LH:11
BRDA:12,0,0,1
BRDA:12,0,1,4
BRDA:16,1,0,1
BRDA:16,1,1,3
BRDA:22,2,0,5
BRDA:22,2,1,5
BRDA:27,3,0,4
BRDA:27,3,1,4
BRF:8
BRH:8
end_of_record
TN:
SF:src\Domains\comments\CommentRepository.js
FN:2,(anonymous_0)
FN:6,(anonymous_1)
FN:10,(anonymous_2)
FN:14,(anonymous_3)
FN:18,(anonymous_4)
FNF:5
FNH:5
FNDA:1,(anonymous_0)
FNDA:1,(anonymous_1)
FNDA:1,(anonymous_2)
FNDA:1,(anonymous_3)
FNDA:1,(anonymous_4)
DA:3,1
DA:7,1
DA:11,1
DA:15,1
DA:19,1
DA:23,11
LF:6
LH:6
BRF:0
BRH:0
end_of_record
TN:
SF:src\Domains\comments\entities\AddedComment.js
FN:2,(anonymous_0)
FN:13,(anonymous_1)
FN:22,(anonymous_2)
FN:26,(anonymous_3)
FNF:4
FNH:4
FNDA:4,(anonymous_0)
FNDA:4,(anonymous_1)
FNDA:4,(anonymous_2)
FNDA:3,(anonymous_3)
DA:3,4
DA:6,2
DA:8,2
DA:9,2
DA:10,2
DA:14,4
DA:15,1
DA:17,3
DA:18,1
DA:23,4
DA:27,3
DA:34,8
LF:12
LH:12
BRDA:14,0,0,1
BRDA:14,0,1,3
BRDA:17,1,0,1
BRDA:17,1,1,2
BRDA:23,2,0,4
BRDA:23,2,1,4
BRDA:23,2,2,4
BRDA:28,3,0,3
BRDA:28,3,1,2
BRDA:28,3,2,2
BRF:10
BRH:10
end_of_record
TN:
SF:src\Domains\comments\entities\DetailComment.js
FN:2,(anonymous_0)
FN:16,(anonymous_1)
FN:28,(anonymous_2)
FN:34,(anonymous_3)
FNF:4
FNH:2
FNDA:5,(anonymous_0)
FNDA:5,(anonymous_1)
FNDA:0,(anonymous_2)
FNDA:0,(anonymous_3)
DA:3,5
DA:7,3
DA:9,3
DA:10,3
DA:11,3
DA:12,3
DA:13,3
DA:19,5
DA:20,1
DA:22,4
DA:24,1
DA:31,0
DA:37,0
DA:47,2
LF:14
LH:12
BRDA:19,0,0,1
BRDA:19,0,1,4
BRDA:19,1,0,5
BRDA:19,1,1,5
BRDA:19,1,2,5
BRDA:19,1,3,5
BRDA:19,1,4,4
BRDA:22,2,0,1
BRDA:22,2,1,3
BRDA:22,3,0,4
BRDA:22,3,1,3
BRDA:22,3,2,3
BRDA:22,3,3,3
BRDA:22,3,4,3
BRDA:31,4,0,0
BRDA:31,4,1,0
BRDA:31,4,2,0
BRDA:31,4,3,0
BRDA:31,4,4,0
BRDA:38,5,0,0
BRDA:38,5,1,0
BRDA:38,5,2,0
BRDA:38,5,3,0
BRDA:38,5,4,0
BRF:24
BRH:14
end_of_record
TN:
SF:src\Domains\comments\entities\NewComment.js
FN:2,(anonymous_0)
FN:14,(anonymous_1)
FN:23,(anonymous_2)
FN:27,(anonymous_3)
FNF:4
FNH:4
FNDA:5,(anonymous_0)
FNDA:5,(anonymous_1)
FNDA:5,(anonymous_2)
FNDA:4,(anonymous_3)
DA:3,5
DA:7,3
DA:9,3
DA:10,3
DA:11,3
DA:15,5
DA:16,1
DA:18,4
DA:19,1
DA:24,5
DA:28,4
DA:36,8
LF:12
LH:12
BRDA:15,0,0,1
BRDA:15,0,1,4
BRDA:18,1,0,1
BRDA:18,1,1,3
BRDA:24,2,0,5
BRDA:24,2,1,5
BRDA:24,2,2,5
BRDA:29,3,0,4
BRDA:29,3,1,3
BRDA:29,3,2,3
BRF:10
BRH:10
end_of_record
TN:
SF:src\Domains\replies\ReplyRepository.js
FN:2,(anonymous_0)
FN:6,(anonymous_1)
FN:10,(anonymous_2)
FN:14,(anonymous_3)
FN:18,(anonymous_4)
FNF:5
FNH:5
FNDA:1,(anonymous_0)
FNDA:1,(anonymous_1)
FNDA:1,(anonymous_2)
FNDA:1,(anonymous_3)
FNDA:1,(anonymous_4)
DA:3,1
DA:7,1
DA:11,1
DA:15,1
DA:19,1
DA:23,9
LF:6
LH:6
BRF:0
BRH:0
end_of_record
TN:
SF:src\Domains\replies\entities\AddedReply.js
FN:2,(anonymous_0)
FN:14,(anonymous_1)
FN:23,(anonymous_2)
FN:27,(anonymous_3)
FNF:4
FNH:4
FNDA:4,(anonymous_0)
FNDA:4,(anonymous_1)
FNDA:4,(anonymous_2)
FNDA:3,(anonymous_3)
DA:3,4
DA:7,2
DA:9,2
DA:10,2
DA:11,2
DA:15,4
DA:16,1
DA:18,3
DA:19,1
DA:24,4
DA:28,3
DA:36,8
LF:12
LH:12
BRDA:15,0,0,1
BRDA:15,0,1,3
BRDA:18,1,0,1
BRDA:18,1,1,2
BRDA:24,2,0,4
BRDA:24,2,1,4
BRDA:24,2,2,4
BRDA:29,3,0,3
BRDA:29,3,1,2
BRDA:29,3,2,2
BRF:10
BRH:10
end_of_record
TN:
SF:src\Domains\replies\entities\DetailReply.js
FN:2,(anonymous_0)
FN:15,(anonymous_1)
FN:24,(anonymous_2)
FN:30,(anonymous_3)
FNF:4
FNH:4
FNDA:5,(anonymous_0)
FNDA:5,(anonymous_1)
FNDA:5,(anonymous_2)
FNDA:4,(anonymous_3)
DA:3,5
DA:6,3
DA:8,3
DA:9,3
DA:10,3
DA:11,3
DA:12,3
DA:16,5
DA:17,1
DA:19,4
DA:20,1
DA:27,5
DA:33,4
DA:43,8
LF:14
LH:14
BRDA:16,0,0,1
BRDA:16,0,1,4
BRDA:19,1,0,1
BRDA:19,1,1,3
BRDA:27,2,0,5
BRDA:27,2,1,5
BRDA:27,2,2,4
BRDA:27,2,3,4
BRDA:27,2,4,4
BRDA:34,3,0,4
BRDA:34,3,1,3
BRDA:34,3,2,3
BRDA:34,3,3,3
BRDA:34,3,4,3
BRF:14
BRH:14
end_of_record
TN:
SF:src\Domains\replies\entities\NewReply.js
FN:2,(anonymous_0)
FN:14,(anonymous_1)
FN:23,(anonymous_2)
FN:27,(anonymous_3)
FNF:4
FNH:4
FNDA:5,(anonymous_0)
FNDA:5,(anonymous_1)
FNDA:5,(anonymous_2)
FNDA:4,(anonymous_3)
DA:3,5
DA:7,3
DA:9,3
DA:10,3
DA:11,3
DA:15,5
DA:16,1
DA:18,4
DA:19,1
DA:24,5
DA:28,4
DA:36,8
LF:12
LH:12
BRDA:15,0,0,1
BRDA:15,0,1,4
BRDA:18,1,0,1
BRDA:18,1,1,3
BRDA:24,2,0,5
BRDA:24,2,1,5
BRDA:24,2,2,5
BRDA:29,3,0,4
BRDA:29,3,1,3
BRDA:29,3,2,3
BRF:10
BRH:10
end_of_record
TN:
SF:src\Domains\threads\ThreadRepository.js
FN:2,(anonymous_0)
FN:6,(anonymous_1)
FN:10,(anonymous_2)
FNF:3
FNH:3
FNDA:1,(anonymous_0)
FNDA:1,(anonymous_1)
FNDA:1,(anonymous_2)
DA:3,1
DA:7,1
DA:11,1
DA:15,12
LF:4
LH:4
BRF:0
BRH:0
end_of_record
TN:
SF:src\Domains\threads\entities\AddedThread.js
FN:2,(anonymous_0)
FN:13,(anonymous_1)
FN:23,(anonymous_2)
FN:27,(anonymous_3)
FNF:4
FNH:4
FNDA:5,(anonymous_0)
FNDA:5,(anonymous_1)
FNDA:5,(anonymous_2)
FNDA:4,(anonymous_3)
DA:3,5
DA:7,3
DA:8,3
DA:9,3
DA:10,3
DA:14,5
DA:15,1
DA:18,4
DA:19,1
DA:24,5
DA:28,4
DA:36,10
LF:12
LH:12
BRDA:14,0,0,1
BRDA:14,0,1,4
BRDA:18,1,0,1
BRDA:18,1,1,3
BRDA:24,2,0,5
BRDA:24,2,1,5
BRDA:24,2,2,5
BRDA:29,3,0,4
BRDA:29,3,1,4
BRDA:29,3,2,3
BRF:10
BRH:10
end_of_record
TN:
SF:src\Domains\threads\entities\DetailThread.js
FN:2,(anonymous_0)
FN:17,(anonymous_1)
FN:27,(anonymous_2)
FN:33,(anonymous_3)
FNF:4
FNH:4
FNDA:5,(anonymous_0)
FNDA:5,(anonymous_1)
FNDA:5,(anonymous_2)
FNDA:4,(anonymous_3)
DA:3,5
DA:7,3
DA:9,3
DA:10,3
DA:11,3
DA:12,3
DA:13,3
DA:14,3
DA:18,5
DA:19,1
DA:22,4
DA:23,1
DA:30,5
DA:36,4
DA:47,2
LF:15
LH:15
BRDA:18,0,0,1
BRDA:18,0,1,4
BRDA:22,1,0,1
BRDA:22,1,1,3
BRDA:30,2,0,5
BRDA:30,2,1,5
BRDA:30,2,2,5
BRDA:30,2,3,5
BRDA:30,2,4,5
BRDA:30,2,5,4
BRDA:37,3,0,4
BRDA:37,3,1,3
BRDA:37,3,2,3
BRDA:37,3,3,3
BRDA:37,3,4,3
BRDA:37,3,5,3
BRF:16
BRH:16
end_of_record
TN:
SF:src\Domains\threads\entities\NewThread.js
FN:2,(anonymous_0)
FN:12,(anonymous_1)
FN:22,(anonymous_2)
FN:26,(anonymous_3)
FNF:4
FNH:4
FNDA:5,(anonymous_0)
FNDA:5,(anonymous_1)
FNDA:5,(anonymous_2)
FNDA:4,(anonymous_3)
DA:3,5
DA:5,3
DA:7,3
DA:8,3
DA:9,3
DA:13,5
DA:14,1
DA:17,4
DA:18,1
DA:23,5
DA:27,4
DA:35,8
LF:12
LH:12
BRDA:13,0,0,1
BRDA:13,0,1,4
BRDA:17,1,0,1
BRDA:17,1,1,3
BRDA:23,2,0,5
BRDA:23,2,1,5
BRDA:23,2,2,4
BRDA:28,3,0,4
BRDA:28,3,1,3
BRDA:28,3,2,3
BRF:10
BRH:10
end_of_record
TN:
SF:src\Domains\users\UserRepository.js
FN:2,(anonymous_0)
FN:6,(anonymous_1)
FN:10,(anonymous_2)
FN:14,(anonymous_3)
FNF:4
FNH:4
FNDA:1,(anonymous_0)
FNDA:1,(anonymous_1)
FNDA:1,(anonymous_2)
FNDA:1,(anonymous_3)
DA:3,1
DA:7,1
DA:11,1
DA:15,1
DA:19,9
LF:5
LH:5
BRF:0
BRH:0
end_of_record
TN:
SF:src\Domains\users\entities\AddedUser.js
FN:2,(anonymous_0)
FN:12,(anonymous_1)
FN:22,(anonymous_2)
FN:26,(anonymous_3)
FNF:4
FNH:4
FNDA:5,(anonymous_0)
FNDA:5,(anonymous_1)
FNDA:5,(anonymous_2)
FNDA:4,(anonymous_3)
DA:3,5
DA:5,3
DA:7,3
DA:8,3
DA:9,3
DA:13,5
DA:14,1
DA:17,4
DA:18,1
DA:23,5
DA:27,4
DA:35,7
LF:12
LH:12
BRDA:13,0,0,1
BRDA:13,0,1,4
BRDA:17,1,0,1
BRDA:17,1,1,3
BRDA:23,2,0,5
BRDA:23,2,1,4
BRDA:23,2,2,4
BRDA:28,3,0,4
BRDA:28,3,1,3
BRDA:28,3,2,3
BRF:10
BRH:10
end_of_record
TN:
SF:src\Domains\users\entities\NewUser.js
FN:2,(anonymous_0)
FN:12,(anonymous_1)
FN:30,(anonymous_2)
FN:34,(anonymous_3)
FN:42,(anonymous_4)
FN:46,(anonymous_5)
FNF:6
FNH:6
FNDA:6,(anonymous_0)
FNDA:6,(anonymous_1)
FNDA:6,(anonymous_2)
FNDA:5,(anonymous_3)
FNDA:4,(anonymous_4)
FNDA:3,(anonymous_5)
DA:3,6
DA:5,2
DA:7,2
DA:8,2
DA:9,2
DA:13,6
DA:14,1
DA:17,5
DA:18,1
DA:21,4
DA:22,1
DA:25,3
DA:26,1
DA:31,6
DA:35,5
DA:43,4
DA:47,3
DA:51,2
LF:18
LH:18
BRDA:13,0,0,1
BRDA:13,0,1,5
BRDA:17,1,0,1
BRDA:17,1,1,4
BRDA:21,2,0,1
BRDA:21,2,1,3
BRDA:25,3,0,1
BRDA:25,3,1,2
BRDA:31,4,0,6
BRDA:31,4,1,6
BRDA:31,4,2,6
BRDA:36,5,0,5
BRDA:36,5,1,4
BRDA:36,5,2,4
BRF:14
BRH:14
end_of_record
TN:
SF:src\Domains\users\entities\RegisterUser.js
FN:2,(anonymous_0)
FN:12,(anonymous_1)
FNF:2
FNH:2
FNDA:7,(anonymous_0)
FNDA:7,(anonymous_1)
DA:3,7
DA:5,3
DA:7,3
DA:8,3
DA:9,3
DA:13,7
DA:14,1
DA:17,6
DA:18,1
DA:21,5
DA:22,1
DA:25,4
DA:26,1
DA:31,8
LF:14
LH:14
BRDA:13,0,0,1
BRDA:13,0,1,6
BRDA:13,1,0,7
BRDA:13,1,1,7
BRDA:13,1,2,7
BRDA:17,2,0,1
BRDA:17,2,1,5
BRDA:17,3,0,6
BRDA:17,3,1,5
BRDA:17,3,2,5
BRDA:21,4,0,1
BRDA:21,4,1,4
BRDA:25,5,0,1
BRDA:25,5,1,3
BRF:14
BRH:14
end_of_record
TN:
SF:src\Domains\users\entities\RegisteredUser.js
FN:2,(anonymous_0)
FN:12,(anonymous_1)
FNF:2
FNH:2
FNDA:5,(anonymous_0)
FNDA:5,(anonymous_1)
DA:3,5
DA:5,3
DA:7,3
DA:8,3
DA:9,3
DA:13,5
DA:14,1
DA:17,4
DA:18,1
DA:23,2
LF:10
LH:10
BRDA:13,0,0,1
BRDA:13,0,1,4
BRDA:13,1,0,5
BRDA:13,1,1,4
BRDA:13,1,2,4
BRDA:17,2,0,1
BRDA:17,2,1,3
BRDA:17,3,0,4
BRDA:17,3,1,3
BRDA:17,3,2,3
BRF:10
BRH:10
end_of_record
TN:
SF:src\Domains\users\entities\UserLogin.js
FN:2,(anonymous_0)
FN:9,(anonymous_1)
FNF:2
FNH:2
FNDA:24,(anonymous_0)
FNDA:24,(anonymous_1)
DA:3,24
DA:5,20
DA:6,20
DA:10,24
DA:12,24
DA:13,2
DA:16,22
DA:17,2
DA:22,7
LF:9
LH:9
BRDA:12,0,0,2
BRDA:12,0,1,22
BRDA:12,1,0,24
BRDA:12,1,1,24
BRDA:16,2,0,2
BRDA:16,2,1,20
BRDA:16,3,0,22
BRDA:16,3,1,21
BRF:8
BRH:8
end_of_record
TN:
SF:src\Infrastructures\http\createServer.js
FN:10,(anonymous_0)
FN:39,(anonymous_1)
FNF:2
FNH:2
FNDA:40,(anonymous_0)
FNDA:54,(anonymous_1)
DA:1,6
DA:2,6
DA:3,6
DA:4,6
DA:5,6
DA:6,6
DA:7,6
DA:8,6
DA:10,6
DA:11,40
DA:16,40
DA:39,40
DA:41,54
DA:43,54
DA:45,53
DA:48,53
DA:49,21
DA:53,21
DA:54,21
DA:57,32
DA:58,32
DA:59,1
DA:63,31
DA:67,31
DA:68,31
DA:72,1
DA:75,40
DA:78,6
LF:28
LH:28
BRDA:43,0,0,53
BRDA:43,0,1,1
BRDA:48,1,0,21
BRDA:48,1,1,32
BRDA:58,2,0,1
BRDA:58,2,1,31
BRF:6
BRH:6
end_of_record
TN:
SF:src\Infrastructures\repository\AuthenticationRepositoryPostgres.js
FN:5,(anonymous_0)
FN:10,(anonymous_1)
FN:19,(anonymous_2)
FN:32,(anonymous_3)
FNF:4
FNH:4
FNDA:10,(anonymous_0)
FNDA:1,(anonymous_1)
FNDA:4,(anonymous_2)
FNDA:2,(anonymous_3)
DA:1,6
DA:2,6
DA:6,10
DA:7,10
DA:11,1
DA:16,1
DA:20,4
DA:25,4
DA:27,4
DA:28,2
DA:33,2
DA:38,2
DA:42,6
LF:13
LH:13
BRDA:27,0,0,2
BRDA:27,0,1,2
BRF:2
BRH:2
end_of_record
TN:
SF:src\Infrastructures\repository\CommentRepositoryPostgres.js
FN:7,(anonymous_0)
FN:14,(anonymous_1)
FN:30,(anonymous_2)
FN:43,(anonymous_3)
FN:56,(anonymous_4)
FN:72,(anonymous_5)
FN:88,(anonymous_6)
FNF:7
FNH:1
FNDA:6,(anonymous_0)
FNDA:0,(anonymous_1)
FNDA:0,(anonymous_2)
FNDA:0,(anonymous_3)
FNDA:0,(anonymous_4)
FNDA:0,(anonymous_5)
FNDA:0,(anonymous_6)
DA:1,6
DA:2,6
DA:3,6
DA:4,6
DA:8,6
DA:9,6
DA:10,6
DA:11,6
DA:17,0
DA:18,0
DA:19,0
DA:21,0
DA:26,0
DA:27,0
DA:31,0
DA:36,0
DA:38,0
DA:39,0
DA:44,0
DA:49,0
DA:51,0
DA:52,0
DA:57,0
DA:66,0
DA:67,0
DA:68,0
DA:73,0
DA:84,0
DA:85,0
DA:89,0
DA:93,0
DA:94,0
DA:95,0
DA:100,6
LF:34
LH:9
BRDA:38,0,0,0
BRDA:38,0,1,0
BRDA:51,1,0,0
BRDA:51,1,1,0
BRDA:67,2,0,0
BRDA:67,2,1,0
BRDA:94,3,0,0
BRDA:94,3,1,0
BRF:8
BRH:0
end_of_record
TN:
SF:src\Infrastructures\repository\ReplyRepositoryPostgres.js
FN:7,(anonymous_0)
FN:14,(anonymous_1)
FN:30,(anonymous_2)
FN:48,(anonymous_3)
FN:59,(anonymous_4)
FNF:5
FNH:1
FNDA:6,(anonymous_0)
FNDA:0,(anonymous_1)
FNDA:0,(anonymous_2)
FNDA:0,(anonymous_3)
FNDA:0,(anonymous_4)
DA:1,6
DA:2,6
DA:3,6
DA:4,6
DA:8,6
DA:9,6
DA:10,6
DA:11,6
DA:17,0
DA:18,0
DA:19,0
DA:21,0
DA:26,0
DA:27,0
DA:31,0
DA:42,0
DA:43,0
DA:44,0
DA:49,0
DA:53,0
DA:54,0
DA:55,0
DA:60,0
DA:64,0
DA:65,0
DA:66,0
DA:71,6
LF:27
LH:9
BRDA:43,0,0,0
BRDA:43,0,1,0
BRDA:54,1,0,0
BRDA:54,1,1,0
BRDA:65,2,0,0
BRDA:65,2,1,0
BRF:6
BRH:0
end_of_record
TN:
SF:src\Infrastructures\repository\ThreadRepositoryPostgres.js
FN:7,(anonymous_0)
FN:14,(anonymous_1)
FN:29,(anonymous_2)
FN:44,(anonymous_3)
FN:58,(anonymous_4)
FNF:5
FNH:2
FNDA:8,(anonymous_0)
FNDA:0,(anonymous_1)
FNDA:1,(anonymous_2)
FNDA:0,(anonymous_3)
FNDA:0,(anonymous_4)
DA:1,6
DA:2,6
DA:3,6
DA:4,6
DA:8,8
DA:9,8
DA:10,8
DA:11,8
DA:17,0
DA:18,0
DA:19,0
DA:20,0
DA:25,0
DA:26,0
DA:30,1
DA:37,1
DA:38,0
DA:39,0
DA:41,0
DA:45,0
DA:57,0
DA:58,0
DA:62,6
LF:23
LH:11
BRDA:38,0,0,0
BRDA:38,0,1,0
BRF:2
BRH:0
end_of_record
TN:
SF:src\Infrastructures\repository\UserRepositoryPostgres.js
FN:6,(anonymous_0)
FN:12,(anonymous_1)
FN:25,(anonymous_2)
FN:39,(anonymous_3)
FN:54,(anonymous_4)
FN:71,(anonymous_5)
FNF:6
FNH:6
FNDA:14,(anonymous_0)
FNDA:1,(anonymous_1)
FNDA:1,(anonymous_2)
FNDA:20,(anonymous_3)
FNDA:2,(anonymous_4)
FNDA:2,(anonymous_5)
DA:1,6
DA:2,6
DA:3,6
DA:7,14
DA:8,14
DA:9,14
DA:13,1
DA:18,1
DA:20,1
DA:21,0
DA:26,1
DA:27,1
DA:29,1
DA:34,1
DA:36,1
DA:40,20
DA:45,20
DA:47,20
DA:48,19
DA:51,1
DA:55,2
DA:60,2
DA:62,2
DA:63,1
DA:66,1
DA:68,1
DA:72,2
DA:77,2
DA:79,2
DA:80,1
DA:83,1
DA:85,1
DA:89,6
LF:33
LH:32
BRDA:20,0,0,0
BRDA:20,0,1,1
BRDA:47,1,0,19
BRDA:47,1,1,1
BRDA:62,2,0,1
BRDA:62,2,1,1
BRDA:79,3,0,1
BRDA:79,3,1,1
BRF:8
BRH:7
end_of_record
TN:
SF:src\Infrastructures\security\BcryptEncryptionHelper.js
FN:5,(anonymous_0)
FN:11,(anonymous_1)
FN:15,(anonymous_2)
FNF:3
FNH:3
FNDA:9,(anonymous_0)
FNDA:2,(anonymous_1)
FNDA:2,(anonymous_2)
DA:1,6
DA:2,6
DA:6,9
DA:7,9
DA:8,9
DA:12,2
DA:16,2
DA:18,2
DA:19,1
DA:24,6
LF:10
LH:10
BRDA:5,0,0,9
BRDA:18,1,0,1
BRDA:18,1,1,1
BRF:3
BRH:3
end_of_record
TN:
SF:src\Infrastructures\security\BcryptPasswordHash.js
FN:4,(anonymous_0)
FN:10,(anonymous_1)
FNF:2
FNH:2
FNDA:1,(anonymous_0)
FNDA:1,(anonymous_1)
DA:1,1
DA:5,1
DA:6,1
DA:7,1
DA:11,1
DA:15,1
LF:6
LH:6
BRDA:4,0,0,1
BRF:1
BRH:1
end_of_record
TN:
SF:src\Infrastructures\security\JwtTokenManager.js
FN:6,(anonymous_0)
FN:11,(anonymous_1)
FN:15,(anonymous_2)
FN:19,(anonymous_3)
FN:28,(anonymous_4)
FN:37,(anonymous_5)
FN:45,(anonymous_6)
FNF:7
FNH:4
FNDA:5,(anonymous_0)
FNDA:0,(anonymous_1)
FNDA:1,(anonymous_2)
FNDA:1,(anonymous_3)
FNDA:0,(anonymous_4)
FNDA:1,(anonymous_5)
FNDA:0,(anonymous_6)
DA:1,5
DA:2,5
DA:3,5
DA:7,5
DA:8,5
DA:12,0
DA:16,1
DA:20,1
DA:21,1
DA:22,0
DA:24,1
DA:29,0
DA:30,0
DA:31,0
DA:33,0
DA:38,1
DA:39,1
DA:41,0
DA:42,0
DA:46,0
DA:47,0
DA:51,5
LF:22
LH:12
BRDA:38,0,0,1
BRDA:38,0,1,0
BRF:2
BRH:1
end_of_record
TN:
SF:src\Interfaces\http\api\authentications\handler.js
FN:2,(anonymous_0)
FN:16,(anonymous_1)
FN:29,(anonymous_2)
FN:41,(anonymous_3)
FNF:4
FNH:4
FNDA:40,(anonymous_0)
FNDA:20,(anonymous_1)
FNDA:3,(anonymous_2)
FNDA:4,(anonymous_3)
DA:7,40
DA:8,40
DA:9,40
DA:11,40
DA:12,40
DA:13,40
DA:17,20
DA:18,0
DA:25,0
DA:26,0
DA:30,3
DA:33,0
DA:42,4
DA:43,1
DA:49,6
LF:15
LH:11
BRF:0
BRH:0
end_of_record
TN:
SF:src\Interfaces\http\api\authentications\index.js
FN:6,(anonymous_0)
FNF:1
FNH:1
FNDA:40,(anonymous_0)
DA:1,6
DA:2,6
DA:4,6
DA:7,40
DA:8,40
LF:5
LH:5
BRF:0
BRH:0
end_of_record
TN:
SF:src\Interfaces\http\api\authentications\routes.js
FN:1,(anonymous_0)
FNF:1
FNH:1
FNDA:40,(anonymous_0)
DA:1,40
DA:19,6
LF:2
LH:2
BRF:0
BRH:0
end_of_record
TN:
SF:src\Interfaces\http\api\comments\handler.js
FN:2,(anonymous_0)
FN:10,(anonymous_1)
FN:28,(anonymous_2)
FNF:3
FNH:1
FNDA:40,(anonymous_0)
FNDA:0,(anonymous_1)
FNDA:0,(anonymous_2)
DA:3,40
DA:4,40
DA:6,40
DA:7,40
DA:11,0
DA:14,0
DA:24,0
DA:25,0
DA:29,0
DA:30,0
DA:36,6
LF:11
LH:5
BRF:0
BRH:0
end_of_record
TN:
SF:src\Interfaces\http\api\comments\index.js
FN:6,(anonymous_0)
FNF:1
FNH:1
FNDA:40,(anonymous_0)
DA:1,6
DA:2,6
DA:4,6
DA:7,40
DA:8,40
LF:5
LH:5
BRF:0
BRH:0
end_of_record
TN:
SF:src\Interfaces\http\api\comments\routes.js
FN:1,(anonymous_0)
FNF:1
FNH:1
FNDA:40,(anonymous_0)
DA:1,40
DA:14,6
LF:2
LH:2
BRF:0
BRH:0
end_of_record
TN:
SF:src\Interfaces\http\api\replies\handler.js
FN:2,(anonymous_0)
FN:10,(anonymous_1)
FN:24,(anonymous_2)
FNF:3
FNH:1
FNDA:40,(anonymous_0)
FNDA:0,(anonymous_1)
FNDA:0,(anonymous_2)
DA:3,40
DA:4,40
DA:6,40
DA:7,40
DA:11,0
DA:14,0
DA:20,0
DA:21,0
DA:25,0
DA:26,0
DA:29,0
DA:33,6
LF:12
LH:5
BRF:0
BRH:0
end_of_record
TN:
SF:src\Interfaces\http\api\replies\index.js
FN:6,(anonymous_0)
FNF:1
FNH:1
FNDA:40,(anonymous_0)
DA:1,6
DA:2,6
DA:4,6
DA:7,40
DA:8,40
LF:5
LH:5
BRF:0
BRH:0
end_of_record
TN:
SF:src\Interfaces\http\api\replies\routes.js
FN:1,(anonymous_0)
FNF:1
FNH:1
FNDA:40,(anonymous_0)
DA:1,40
DA:14,6
LF:2
LH:2
BRF:0
BRH:0
end_of_record
TN:
SF:src\Interfaces\http\api\threads\handler.js
FN:2,(anonymous_0)
FN:10,(anonymous_1)
FN:23,(anonymous_2)
FNF:3
FNH:3
FNDA:40,(anonymous_0)
FNDA:1,(anonymous_1)
FNDA:1,(anonymous_2)
DA:3,40
DA:4,40
DA:6,40
DA:7,40
DA:11,1
DA:12,1
DA:13,0
DA:19,0
DA:20,0
DA:24,1
DA:25,0
DA:32,0
DA:36,6
LF:13
LH:8
BRF:0
BRH:0
end_of_record
TN:
SF:src\Interfaces\http\api\threads\index.js
FN:6,(anonymous_0)
FNF:1
FNH:1
FNDA:40,(anonymous_0)
DA:1,6
DA:2,6
DA:4,6
DA:7,40
DA:8,40
LF:5
LH:5
BRF:0
BRH:0
end_of_record
TN:
SF:src\Interfaces\http\api\threads\routes.js
FN:1,(anonymous_0)
FNF:1
FNH:1
FNDA:40,(anonymous_0)
DA:1,40
DA:14,6
LF:2
LH:2
BRF:0
BRH:0
end_of_record
TN:
SF:src\Interfaces\http\api\users\handler.js
FN:4,(anonymous_0)
FN:10,(anonymous_1)
FNF:2
FNH:2
FNDA:40,(anonymous_0)
FNDA:24,(anonymous_1)
DA:1,6
DA:5,40
DA:7,40
DA:11,24
DA:12,0
DA:13,0
DA:19,0
DA:20,0
DA:24,6
LF:9
LH:5
BRF:0
BRH:0
end_of_record
TN:
SF:src\Interfaces\http\api\users\index.js
FN:6,(anonymous_0)
FNF:1
FNH:1
FNDA:40,(anonymous_0)
DA:1,6
DA:2,6
DA:4,6
DA:7,40
DA:8,40
LF:5
LH:5
BRF:0
BRH:0
end_of_record
TN:
SF:src\Interfaces\http\api\users\routes.js
FN:1,(anonymous_0)
FNF:1
FNH:1
FNDA:40,(anonymous_0)
DA:1,40
DA:9,6
LF:2
LH:2
BRF:0
BRH:0
end_of_record
TN:
SF:tests\CommentsTableTestHelper.js
FN:4,(anonymous_0)
FN:16,(anonymous_1)
FN:27,(anonymous_2)
FNF:3
FNH:1
FNDA:0,(anonymous_0)
FNDA:0,(anonymous_1)
FNDA:14,(anonymous_2)
DA:1,6
DA:3,6
DA:8,0
DA:13,0
DA:17,0
DA:22,0
DA:24,0
DA:28,14
DA:33,6
LF:9
LH:4
BRDA:5,0,0,0
BRDA:5,1,0,0
BRDA:5,2,0,0
BRDA:5,3,0,0
BRDA:6,4,0,0
BRDA:6,5,0,0
BRF:6
BRH:0
end_of_record
